#
# A fatal error has been detected by the Java Runtime Environment:
#
#  SIGSEGV (0xb) at pc=0x00007ff805abf0ad, pid=8891, tid=8908
#
# JRE version: OpenJDK Runtime Environment (11.0.9.1+1) (build 11.0.9.1+1-Ubuntu-0ubuntu1.20.04)
# Java VM: OpenJDK 64-Bit Server VM (11.0.9.1+1-Ubuntu-0ubuntu1.20.04, mixed mode, sharing, tiered, compressed oops, g1 gc, linux-amd64)
# Problematic frame:
# C  [libjimage.so+0x30ad]
#
# Core dump will be written. Default location: Core dumps may be processed with "/usr/share/apport/apport %p %s %c %d %P %E" (or dumping to /home/nets212/Desktop/G07/Recommender/core.8891)
#
# If you would like to submit a bug report, please visit:
#   https://bugs.launchpad.net/ubuntu/+source/openjdk-lts
#

---------------  S U M M A R Y ------------

Command Line: -agentlib:jdwp=transport=dt_socket,suspend=y,address=localhost:39823 -javaagent:/home/nets212/eclipse/java-2020-06/eclipse/configuration/org.eclipse.osgi/215/0/.cp/lib/javaagent-shaded.jar -Dfile.encoding=UTF-8 edu.upenn.nets212.recommender.Adsorption

Host: Intel(R) Core(TM) i5-7360U CPU @ 2.30GHz, 2 cores, 3G, Ubuntu 20.04.1 LTS
Time: Sun Nov 22 00:49:12 2020 EST elapsed time: 3.105102 seconds (0d 0h 0m 3s)

---------------  T H R E A D  ---------------

Current thread (0x00007ff80012c800):  JavaThread "Signal Dispatcher" daemon [_thread_in_vm, id=8908, stack(0x00007ff7e0c91000,0x00007ff7e0d92000)]

Stack: [0x00007ff7e0c91000,0x00007ff7e0d92000],  sp=0x00007ff7e0d8f1f0,  free space=1016k
Native frames: (J=compiled Java code, A=aot compiled Java code, j=interpreted, Vv=VM code, C=native code)
C  [libjimage.so+0x30ad]
C  [libjimage.so+0x3da2]
C  [libjimage.so+0x42b1]  JIMAGE_FindResource+0xf1
V  [libjvm.so+0x5ae8d1]
V  [libjvm.so+0x5b1081]
V  [libjvm.so+0xde0f0d]
V  [libjvm.so+0xddfa9a]
V  [libjvm.so+0xde205b]
V  [libjvm.so+0x66062e]
V  [libjvm.so+0x84ec06]
j  jdk.internal.misc.Signal.dispatch(I)V+25 java.base@11.0.9.1
v  ~StubRoutines::call_stub
V  [libjvm.so+0x8575d9]
V  [libjvm.so+0x8565f2]
V  [libjvm.so+0xbc09fe]
V  [libjvm.so+0xe17ccf]
V  [libjvm.so+0xe14330]
V  [libjvm.so+0xbd26e6]

Java frames: (J=compiled Java code, j=interpreted, Vv=VM code)
j  jdk.internal.misc.Signal.dispatch(I)V+25 java.base@11.0.9.1
v  ~StubRoutines::call_stub

siginfo: si_signo: 11 (SIGSEGV), si_code: 1 (SEGV_MAPERR), si_addr: 0x00007ff7f789e270

Register to memory mapping:

RAX=0x0000000000001495 is an unknown value
RBX=0x00007ff7e0d8f2a1 is pointing into the stack for thread: 0x00007ff80012c800
RCX=0x00007ff7e0d8f2c3 is pointing into the stack for thread: 0x00007ff80012c800
RDX=0x0000000000001495 is an unknown value
RSP=0x00007ff7e0d8f1f0 is pointing into the stack for thread: 0x00007ff80012c800
RBP=0x00007ff7e0d8f210 is pointing into the stack for thread: 0x00007ff80012c800
RSI=0x0 is NULL
RDI=0x00007ff805ac4030: <offset 0x0000000000008030> in /usr/lib/jvm/java-11-openjdk-amd64/lib/libjimage.so at 0x00007ff805abc000
R8 =0x00007ff7f789901c is an unknown value
R9 =0x00007ff7e0d900b0 is pointing into the stack for thread: 0x00007ff80012c800
R10=0x0000000000000021 is an unknown value
R11=0x00007ff7e0d90418 is pointing into the stack for thread: 0x00007ff80012c800
R12=0x0000000000008412 is an unknown value
R13=0x00007ff7e0d8f2a0 is pointing into the stack for thread: 0x00007ff80012c800
R14=0x0 is NULL
R15=0x00007ff80012d080 points into unknown readable memory: 6a 64 6b 2f 69 6e 74 65


Registers:
RAX=0x0000000000001495, RBX=0x00007ff7e0d8f2a1, RCX=0x00007ff7e0d8f2c3, RDX=0x0000000000001495
RSP=0x00007ff7e0d8f1f0, RBP=0x00007ff7e0d8f210, RSI=0x0000000000000000, RDI=0x00007ff805ac4030
R8 =0x00007ff7f789901c, R9 =0x00007ff7e0d900b0, R10=0x0000000000000021, R11=0x00007ff7e0d90418
R12=0x0000000000008412, R13=0x00007ff7e0d8f2a0, R14=0x0000000000000000, R15=0x00007ff80012d080
RIP=0x00007ff805abf0ad, EFLAGS=0x0000000000010246, CSGSFS=0x002b000000000033, ERR=0x0000000000000004
  TRAPNO=0x000000000000000e

Top of Stack: (sp=0x00007ff7e0d8f1f0)
0x00007ff7e0d8f1f0:   0000000000000000 00007ff7e0d90338
0x00007ff7e0d8f200:   00007ff80000a160 00007ff7e0d8f2a0
0x00007ff7e0d8f210:   00007ff7e0d8f280 00007ff805abfda2
0x00007ff7e0d8f220:   0000000000000000 0000000000000000 

Instructions: (pc=0x00007ff805abf0ad)
0x00007ff805abefad:   f3 ff ff 44 03 65 90 e9 3f fe ff ff 0f 1f 80 00
0x00007ff805abefbd:   00 00 00 41 8b 10 41 89 55 00 41 8b 54 00 fc 41
0x00007ff805abefcd:   89 54 05 fc e9 82 fc ff ff 66 2e 0f 1f 84 00 00
0x00007ff805abefdd:   00 00 00 b9 0a 00 00 00 e9 f0 fc ff ff 41 0f b7
0x00007ff805abefed:   54 00 fe 66 41 89 54 05 fe e9 5d fc ff ff 0f 1f
0x00007ff805abeffd:   44 00 00 f3 0f 1e fa 0f b6 17 89 f0 89 f1 4c 8d
0x00007ff805abf00d:   47 01 84 d2 74 1c 0f 1f 44 00 00 69 c9 93 01 00
0x00007ff805abf01d:   01 49 83 c0 01 31 d1 41 0f b6 50 ff 84 d2 75 eb
0x00007ff805abf02d:   89 c8 25 ff ff ff 7f c3 90 66 2e 0f 1f 84 00 00
0x00007ff805abf03d:   00 00 00 f3 0f 1e fa 48 85 d2 0f 84 da 00 00 00
0x00007ff805abf04d:   55 48 89 e5 41 55 41 54 41 89 cc 53 48 83 ec 08
0x00007ff805abf05d:   85 c9 0f 84 ba 00 00 00 49 89 f5 48 8d 5e 01 0f
0x00007ff805abf06d:   b6 36 49 89 d0 40 84 f6 0f 84 9d 00 00 00 48 89
0x00007ff805abf07d:   d9 b8 93 01 00 01 0f 1f 44 00 00 69 d0 93 01 00
0x00007ff805abf08d:   01 48 83 c1 01 40 0f b6 c6 0f b6 71 ff 31 d0 40
0x00007ff805abf09d:   84 f6 75 e7 25 ff ff ff 7f 31 d2 41 f7 f4 89 d0
0x00007ff805abf0ad:   41 8b 34 80 48 8b 07 ff 50 20 85 c0 7f 15 74 62
0x00007ff805abf0bd:   f7 d0 41 89 c0 48 83 c4 08 44 89 c0 5b 41 5c 41
0x00007ff805abf0cd:   5d 5d c3 41 0f b6 4d 00 89 c6 84 c9 74 1b 0f 1f
0x00007ff805abf0dd:   44 00 00 69 f6 93 01 00 01 48 83 c3 01 31 ce 0f
0x00007ff805abf0ed:   b6 4b ff 84 c9 75 ec 89 f0 25 ff ff ff 7f 31 d2
0x00007ff805abf0fd:   48 83 c4 08 41 f7 f4 5b 41 5c 41 5d 5d 41 89 d0
0x00007ff805abf10d:   44 89 c0 c3 0f 1f 80 00 00 00 00 b8 93 01 00 01
0x00007ff805abf11d:   eb 87 41 b8 ff ff ff ff eb 9b 41 83 c8 ff 44 89
0x00007ff805abf12d:   c0 c3 90 f3 0f 1e fa eb 1d 66 2e 0f 1f 84 00 00
0x00007ff805abf13d:   00 00 00 0f b6 16 84 d2 74 13 38 c2 75 15 48 83
0x00007ff805abf14d:   c7 01 48 83 c6 01 0f b6 07 84 c0 75 e6 48 89 f8
0x00007ff805abf15d:   c3 66 90 31 c0 c3 90 66 66 2e 0f 1f 84 00 00 00
0x00007ff805abf16d:   00 00 90 f3 0f 1e fa 48 85 f6 74 51 0f b6 06 84
0x00007ff805abf17d:   c0 74 4a 0f b6 d0 83 e0 07 c1 fa 03 44 8d 50 01
0x00007ff805abf18d:   0f b6 c0 41 89 d1 4c 8d 44 06 02 48 8d 56 01 31
0x00007ff805abf19d:   c0 66 90 0f b6 0a 48 c1 e0 08 48 83 c2 01 48 09 


Stack slot to memory mapping:
stack at sp + 0 slots: 0x0 is NULL
stack at sp + 1 slots: 0x00007ff7e0d90338 is pointing into the stack for thread: 0x00007ff80012c800
stack at sp + 2 slots: 0x00007ff80000a160 points into unknown readable memory: 40 8c 00 ac f7 7f 00 00
stack at sp + 3 slots: 0x00007ff7e0d8f2a0 is pointing into the stack for thread: 0x00007ff80012c800
stack at sp + 4 slots: 0x00007ff7e0d8f280 is pointing into the stack for thread: 0x00007ff80012c800
stack at sp + 5 slots: 0x00007ff805abfda2: <offset 0x0000000000003da2> in /usr/lib/jvm/java-11-openjdk-amd64/lib/libjimage.so at 0x00007ff805abc000
stack at sp + 6 slots: 0x0 is NULL
stack at sp + 7 slots: 0x0 is NULL


---------------  P R O C E S S  ---------------

Threads class SMR info:
_java_thread_list=0x00007ff7ac0040f0, length=11, elements={
0x00007ff80001d800, 0x00007ff800125000, 0x00007ff800127000, 0x00007ff80012c800,
0x00007ff80012e800, 0x00007ff800130800, 0x00007ff800132800, 0x00007ff800144800,
0x00007ff800192800, 0x00007ff800196800, 0x00007ff800b1a000
}

Java Threads: ( => current thread )
  0x00007ff80001d800 JavaThread "main" [_thread_in_vm, id=8899, stack(0x00007ff804191000,0x00007ff804292000)]
  0x00007ff800125000 JavaThread "Reference Handler" daemon [_thread_blocked, id=8906, stack(0x00007ff7e0e93000,0x00007ff7e0f94000)]
  0x00007ff800127000 JavaThread "Finalizer" daemon [_thread_blocked, id=8907, stack(0x00007ff7e0d92000,0x00007ff7e0e93000)]
=>0x00007ff80012c800 JavaThread "Signal Dispatcher" daemon [_thread_in_vm, id=8908, stack(0x00007ff7e0c91000,0x00007ff7e0d92000)]
  0x00007ff80012e800 JavaThread "C2 CompilerThread0" daemon [_thread_in_native, id=8909, stack(0x00007ff7e0b90000,0x00007ff7e0c91000)]
  0x00007ff800130800 JavaThread "C1 CompilerThread0" daemon [_thread_blocked, id=8910, stack(0x00007ff7e0a8f000,0x00007ff7e0b90000)]
  0x00007ff800132800 JavaThread "Sweeper thread" daemon [_thread_blocked, id=8911, stack(0x00007ff7e098e000,0x00007ff7e0a8f000)]
  0x00007ff800144800 JavaThread "Common-Cleaner" daemon [_thread_blocked, id=8912, stack(0x00007ff7e088d000,0x00007ff7e098e000)]
  0x00007ff800192800 JavaThread "JDWP Transport Listener: dt_socket" daemon [_thread_in_native, id=8914, stack(0x00007ff7e078c000,0x00007ff7e088d000)]
  0x00007ff800196800 JavaThread "JDWP Event Helper Thread" daemon [_thread_blocked, id=8915, stack(0x00007ff7e068b000,0x00007ff7e078c000)]
  0x00007ff800b1a000 JavaThread "Service Thread" daemon [_thread_blocked, id=8922, stack(0x00007ff7e0387000,0x00007ff7e0488000)]

Other Threads:
  0x00007ff800122000 VMThread "VM Thread" [stack: 0x00007ff7e0f96000,0x00007ff7e1096000] [id=8905]
  0x00007ff800b20000 WatcherThread [stack: 0x00007ff7e0287000,0x00007ff7e0387000] [id=8923]
  0x00007ff800034800 GCTaskThread "GC Thread#0" [stack: 0x00007ff7e85c3000,0x00007ff7e86c3000] [id=8900]
  0x00007ff7cc001000 GCTaskThread "GC Thread#1" [stack: 0x00007ff7e048a000,0x00007ff7e058a000] [id=8920]
  0x00007ff80004f800 ConcurrentGCThread "G1 Main Marker" [stack: 0x00007ff7e80d6000,0x00007ff7e81d6000] [id=8901]
  0x00007ff800051800 ConcurrentGCThread "G1 Conc#0" [stack: 0x00007ff7e1c9e000,0x00007ff7e1d9e000] [id=8902]
  0x00007ff80008d000 ConcurrentGCThread "G1 Refine#0" [stack: 0x00007ff7e199a000,0x00007ff7e1a9a000] [id=8903]
  0x00007ff80008e800 ConcurrentGCThread "G1 Young RemSet Sampling" [stack: 0x00007ff7e1898000,0x00007ff7e1998000] [id=8904]

Threads with active compile tasks:
C2 CompilerThread0   3107  676   !   4       jdk.internal.loader.URLClassPath$JarLoader::getResource (65 bytes)

VM state:not at safepoint (normal execution)

VM Mutex/Monitor currently owned by a thread: None

Heap address: 0x00000000c2e00000, size: 978 MB, Compressed Oops mode: 32-bit
Narrow klass base: 0x0000000800000000, Narrow klass shift: 3
Compressed class space size: 1073741824 Address: 0x0000000840000000

Heap:
 garbage-first heap   total 65536K, used 20960K [0x00000000c2e00000, 0x0000000100000000)
  region size 1024K, 7 young (7168K), 2 survivors (2048K)
 Metaspace       used 3594K, capacity 5486K, committed 5632K, reserved 1056768K
  class space    used 316K, capacity 507K, committed 512K, reserved 1048576K
Heap Regions: E=young(eden), S=young(survivor), O=old, HS=humongous(starts), HC=humongous(continues), CS=collection set, F=free, A=archive, TAMS=top-at-mark-start (previous, next)
|   0|0x00000000c2e00000, 0x00000000c2f00000, 0x00000000c2f00000|100%| O|  |TAMS 0x00000000c2e00000, 0x00000000c2e00000| Untracked 
|   1|0x00000000c2f00000, 0x00000000c3000000, 0x00000000c3000000|100%| O|  |TAMS 0x00000000c2f00000, 0x00000000c2f00000| Untracked 
|   2|0x00000000c3000000, 0x00000000c3100000, 0x00000000c3100000|100%| O|  |TAMS 0x00000000c3000000, 0x00000000c3000000| Untracked 
|   3|0x00000000c3100000, 0x00000000c3200000, 0x00000000c3200000|100%| O|  |TAMS 0x00000000c3100000, 0x00000000c3100000| Untracked 
|   4|0x00000000c3200000, 0x00000000c3300000, 0x00000000c3300000|100%| O|  |TAMS 0x00000000c3200000, 0x00000000c3200000| Untracked 
|   5|0x00000000c3300000, 0x00000000c3400000, 0x00000000c3400000|100%| O|  |TAMS 0x00000000c3300000, 0x00000000c3300000| Untracked 
|   6|0x00000000c3400000, 0x00000000c3500000, 0x00000000c3500000|100%| O|  |TAMS 0x00000000c3400000, 0x00000000c3400000| Untracked 
|   7|0x00000000c3500000, 0x00000000c3600000, 0x00000000c3600000|100%|HS|  |TAMS 0x00000000c3500000, 0x00000000c3500000| Complete 
|   8|0x00000000c3600000, 0x00000000c3700000, 0x00000000c3700000|100%|HC|  |TAMS 0x00000000c3600000, 0x00000000c3600000| Complete 
|   9|0x00000000c3700000, 0x00000000c3800000, 0x00000000c3800000|100%|HC|  |TAMS 0x00000000c3700000, 0x00000000c3700000| Complete 
|  10|0x00000000c3800000, 0x00000000c3900000, 0x00000000c3900000|100%|HC|  |TAMS 0x00000000c3800000, 0x00000000c3800000| Complete 
|  11|0x00000000c3900000, 0x00000000c3a00000, 0x00000000c3a00000|100%|HC|  |TAMS 0x00000000c3900000, 0x00000000c3900000| Complete 
|  12|0x00000000c3a00000, 0x00000000c3b00000, 0x00000000c3b00000|100%| O|  |TAMS 0x00000000c3a00000, 0x00000000c3a00000| Untracked 
|  13|0x00000000c3b00000, 0x00000000c3c00000, 0x00000000c3c00000|100%| O|  |TAMS 0x00000000c3b00000, 0x00000000c3b00000| Untracked 
|  14|0x00000000c3c00000, 0x00000000c3cc6200, 0x00000000c3d00000| 77%| O|  |TAMS 0x00000000c3c00000, 0x00000000c3c00000| Untracked 
|  15|0x00000000c3d00000, 0x00000000c3d00000, 0x00000000c3e00000|  0%| F|  |TAMS 0x00000000c3d00000, 0x00000000c3d00000| Untracked 
|  16|0x00000000c3e00000, 0x00000000c3e00000, 0x00000000c3f00000|  0%| F|  |TAMS 0x00000000c3e00000, 0x00000000c3e00000| Untracked 
|  17|0x00000000c3f00000, 0x00000000c3f00000, 0x00000000c4000000|  0%| F|  |TAMS 0x00000000c3f00000, 0x00000000c3f00000| Untracked 
|  18|0x00000000c4000000, 0x00000000c4000000, 0x00000000c4100000|  0%| F|  |TAMS 0x00000000c4000000, 0x00000000c4000000| Untracked 
|  19|0x00000000c4100000, 0x00000000c4100000, 0x00000000c4200000|  0%| F|  |TAMS 0x00000000c4100000, 0x00000000c4100000| Untracked 
|  20|0x00000000c4200000, 0x00000000c4200000, 0x00000000c4300000|  0%| F|  |TAMS 0x00000000c4200000, 0x00000000c4200000| Untracked 
|  21|0x00000000c4300000, 0x00000000c4300000, 0x00000000c4400000|  0%| F|  |TAMS 0x00000000c4300000, 0x00000000c4300000| Untracked 
|  22|0x00000000c4400000, 0x00000000c4400000, 0x00000000c4500000|  0%| F|  |TAMS 0x00000000c4400000, 0x00000000c4400000| Untracked 
|  23|0x00000000c4500000, 0x00000000c4500000, 0x00000000c4600000|  0%| F|  |TAMS 0x00000000c4500000, 0x00000000c4500000| Untracked 
|  24|0x00000000c4600000, 0x00000000c4600000, 0x00000000c4700000|  0%| F|  |TAMS 0x00000000c4600000, 0x00000000c4600000| Untracked 
|  25|0x00000000c4700000, 0x00000000c4700000, 0x00000000c4800000|  0%| F|  |TAMS 0x00000000c4700000, 0x00000000c4700000| Untracked 
|  26|0x00000000c4800000, 0x00000000c4800000, 0x00000000c4900000|  0%| F|  |TAMS 0x00000000c4800000, 0x00000000c4800000| Untracked 
|  27|0x00000000c4900000, 0x00000000c4900000, 0x00000000c4a00000|  0%| F|  |TAMS 0x00000000c4900000, 0x00000000c4900000| Untracked 
|  28|0x00000000c4a00000, 0x00000000c4a00000, 0x00000000c4b00000|  0%| F|  |TAMS 0x00000000c4a00000, 0x00000000c4a00000| Untracked 
|  29|0x00000000c4b00000, 0x00000000c4b00000, 0x00000000c4c00000|  0%| F|  |TAMS 0x00000000c4b00000, 0x00000000c4b00000| Untracked 
|  30|0x00000000c4c00000, 0x00000000c4c00000, 0x00000000c4d00000|  0%| F|  |TAMS 0x00000000c4c00000, 0x00000000c4c00000| Untracked 
|  31|0x00000000c4d00000, 0x00000000c4d00000, 0x00000000c4e00000|  0%| F|  |TAMS 0x00000000c4d00000, 0x00000000c4d00000| Untracked 
|  32|0x00000000c4e00000, 0x00000000c4e00000, 0x00000000c4f00000|  0%| F|  |TAMS 0x00000000c4e00000, 0x00000000c4e00000| Untracked 
|  33|0x00000000c4f00000, 0x00000000c4f00000, 0x00000000c5000000|  0%| F|  |TAMS 0x00000000c4f00000, 0x00000000c4f00000| Untracked 
|  34|0x00000000c5000000, 0x00000000c5000000, 0x00000000c5100000|  0%| F|  |TAMS 0x00000000c5000000, 0x00000000c5000000| Untracked 
|  35|0x00000000c5100000, 0x00000000c5100000, 0x00000000c5200000|  0%| F|  |TAMS 0x00000000c5100000, 0x00000000c5100000| Untracked 
|  36|0x00000000c5200000, 0x00000000c5200000, 0x00000000c5300000|  0%| F|  |TAMS 0x00000000c5200000, 0x00000000c5200000| Untracked 
|  37|0x00000000c5300000, 0x00000000c5300000, 0x00000000c5400000|  0%| F|  |TAMS 0x00000000c5300000, 0x00000000c5300000| Untracked 
|  38|0x00000000c5400000, 0x00000000c5400000, 0x00000000c5500000|  0%| F|  |TAMS 0x00000000c5400000, 0x00000000c5400000| Untracked 
|  39|0x00000000c5500000, 0x00000000c5500000, 0x00000000c5600000|  0%| F|  |TAMS 0x00000000c5500000, 0x00000000c5500000| Untracked 
|  40|0x00000000c5600000, 0x00000000c5600000, 0x00000000c5700000|  0%| F|  |TAMS 0x00000000c5600000, 0x00000000c5600000| Untracked 
|  41|0x00000000c5700000, 0x00000000c5700000, 0x00000000c5800000|  0%| F|  |TAMS 0x00000000c5700000, 0x00000000c5700000| Untracked 
|  42|0x00000000c5800000, 0x00000000c5800000, 0x00000000c5900000|  0%| F|  |TAMS 0x00000000c5800000, 0x00000000c5800000| Untracked 
|  43|0x00000000c5900000, 0x00000000c5900000, 0x00000000c5a00000|  0%| F|  |TAMS 0x00000000c5900000, 0x00000000c5900000| Untracked 
|  44|0x00000000c5a00000, 0x00000000c5a00000, 0x00000000c5b00000|  0%| F|  |TAMS 0x00000000c5a00000, 0x00000000c5a00000| Untracked 
|  45|0x00000000c5b00000, 0x00000000c5b00000, 0x00000000c5c00000|  0%| F|  |TAMS 0x00000000c5b00000, 0x00000000c5b00000| Untracked 
|  46|0x00000000c5c00000, 0x00000000c5c00000, 0x00000000c5d00000|  0%| F|  |TAMS 0x00000000c5c00000, 0x00000000c5c00000| Untracked 
|  47|0x00000000c5d00000, 0x00000000c5d00000, 0x00000000c5e00000|  0%| F|  |TAMS 0x00000000c5d00000, 0x00000000c5d00000| Untracked 
|  48|0x00000000c5e00000, 0x00000000c5e00000, 0x00000000c5f00000|  0%| F|  |TAMS 0x00000000c5e00000, 0x00000000c5e00000| Untracked 
|  49|0x00000000c5f00000, 0x00000000c5f00000, 0x00000000c6000000|  0%| F|  |TAMS 0x00000000c5f00000, 0x00000000c5f00000| Untracked 
|  50|0x00000000c6000000, 0x00000000c6100000, 0x00000000c6100000|100%| S|CS|TAMS 0x00000000c6000000, 0x00000000c6000000| Complete 
|  51|0x00000000c6100000, 0x00000000c6200000, 0x00000000c6200000|100%| S|CS|TAMS 0x00000000c6100000, 0x00000000c6100000| Complete 
|  52|0x00000000c6200000, 0x00000000c6200000, 0x00000000c6300000|  0%| F|  |TAMS 0x00000000c6200000, 0x00000000c6200000| Untracked 
|  53|0x00000000c6300000, 0x00000000c6300000, 0x00000000c6400000|  0%| F|  |TAMS 0x00000000c6300000, 0x00000000c6300000| Untracked 
|  54|0x00000000c6400000, 0x00000000c6400000, 0x00000000c6500000|  0%| F|  |TAMS 0x00000000c6400000, 0x00000000c6400000| Untracked 
|  55|0x00000000c6500000, 0x00000000c6500000, 0x00000000c6600000|  0%| F|  |TAMS 0x00000000c6500000, 0x00000000c6500000| Untracked 
|  56|0x00000000c6600000, 0x00000000c6600000, 0x00000000c6700000|  0%| F|  |TAMS 0x00000000c6600000, 0x00000000c6600000| Untracked 
|  57|0x00000000c6700000, 0x00000000c676f438, 0x00000000c6800000| 43%| E|  |TAMS 0x00000000c6700000, 0x00000000c6700000| Complete 
|  58|0x00000000c6800000, 0x00000000c6900000, 0x00000000c6900000|100%| E|CS|TAMS 0x00000000c6800000, 0x00000000c6800000| Complete 
|  59|0x00000000c6900000, 0x00000000c6a00000, 0x00000000c6a00000|100%| E|CS|TAMS 0x00000000c6900000, 0x00000000c6900000| Complete 
|  60|0x00000000c6a00000, 0x00000000c6b00000, 0x00000000c6b00000|100%| E|CS|TAMS 0x00000000c6a00000, 0x00000000c6a00000| Complete 
|  61|0x00000000c6b00000, 0x00000000c6c00000, 0x00000000c6c00000|100%| E|  |TAMS 0x00000000c6b00000, 0x00000000c6b00000| Complete 
| 976|0x00000000ffe00000, 0x00000000ffe47000, 0x00000000fff00000| 27%|OA|  |TAMS 0x00000000ffe00000, 0x00000000ffe00000| Untracked 
| 977|0x00000000fff00000, 0x00000000fff6b000, 0x0000000100000000| 41%|CA|  |TAMS 0x00000000fff00000, 0x00000000fff00000| Untracked 

Card table byte_map: [0x00007ff7e3e17000,0x00007ff7e4000000] _byte_map_base: 0x00007ff7e3800000

Marking Bits (Prev, Next): (CMBitMap*) 0x00007ff80004b068, (CMBitMap*) 0x00007ff80004b0a0
 Prev Bits: [0x00007ff7e2ce6000, 0x00007ff7e3c2e000)
 Next Bits: [0x00007ff7e1d9e000, 0x00007ff7e2ce6000)

Polling page: 0x00007ff805aba000

Metaspace:

Usage:
  Non-class:      4.86 MB capacity,     3.20 MB ( 66%) used,     1.66 MB ( 34%) free+waste,     3.31 KB ( <1%) overhead. 
      Class:    507.00 KB capacity,   316.91 KB ( 63%) used,   188.40 KB ( 37%) free+waste,     1.69 KB ( <1%) overhead. 
       Both:      5.36 MB capacity,     3.51 MB ( 66%) used,     1.84 MB ( 34%) free+waste,     5.00 KB ( <1%) overhead. 

Virtual space:
  Non-class space:        8.00 MB reserved,       5.00 MB ( 62%) committed 
      Class space:        1.00 GB reserved,     512.00 KB ( <1%) committed 
             Both:        1.01 GB reserved,       5.50 MB ( <1%) committed 

Chunk freelists:
   Non-Class:  53.00 KB
       Class:  5.00 KB
        Both:  58.00 KB

MaxMetaspaceSize: unlimited
CompressedClassSpaceSize: 1.00 GB

CodeHeap 'non-profiled nmethods': size=120036Kb used=254Kb max_used=254Kb free=119781Kb
 bounds [0x00007ff7f0360000, 0x00007ff7f05d0000, 0x00007ff7f7899000]
CodeHeap 'profiled nmethods': size=120032Kb used=1191Kb max_used=1191Kb free=118840Kb
 bounds [0x00007ff7e8e28000, 0x00007ff7e9098000, 0x00007ff7f0360000]
CodeHeap 'non-nmethods': size=5692Kb used=1122Kb max_used=1136Kb free=4569Kb
 bounds [0x00007ff7e8899000, 0x00007ff7e8b09000, 0x00007ff7e8e28000]
 total_blobs=1030 nmethods=675 adapters=276
 compilation: enabled
              stopped_count=0, restarted_count=0
 full_count=0

Compilation events (20 events):
Event: 3.028 Thread 0x00007ff80012e800 nmethod 666 0x00007ff7f039d890 code [0x00007ff7f039da40, 0x00007ff7f039e158]
Event: 3.029 Thread 0x00007ff80012e800  667       4       java.lang.AbstractStringBuilder::append (45 bytes)
Event: 3.032 Thread 0x00007ff800130800  670       3       java.lang.String::indexOf (18 bytes)
Event: 3.033 Thread 0x00007ff800130800 nmethod 670 0x00007ff7e8f46790 code [0x00007ff7e8f46960, 0x00007ff7e8f46c40]
Event: 3.033 Thread 0x00007ff800130800  671       3       org.eclipse.jdt.launching.internal.org.objectweb.asm.SymbolTable::addConstantNameAndType (28 bytes)
Event: 3.034 Thread 0x00007ff800130800 nmethod 671 0x00007ff7e8f46d90 code [0x00007ff7e8f46f80, 0x00007ff7e8f47370]
Event: 3.041 Thread 0x00007ff800130800  673       3       java.lang.ClassLoader::checkName (37 bytes)
Event: 3.043 Thread 0x00007ff800130800 nmethod 673 0x00007ff7e8f47610 code [0x00007ff7e8f47880, 0x00007ff7e8f48210]
Event: 3.043 Thread 0x00007ff800130800  674       3       java.net.URL::<init> (8 bytes)
Event: 3.043 Thread 0x00007ff800130800 nmethod 674 0x00007ff7e8f48610 code [0x00007ff7e8f487c0, 0x00007ff7e8f48920]
Event: 3.043 Thread 0x00007ff800130800  675   !   3       java.net.URL::<init> (543 bytes)
Event: 3.050 Thread 0x00007ff800130800 nmethod 675 0x00007ff7e8f48a10 code [0x00007ff7e8f49180, 0x00007ff7e8f4f090]
Event: 3.065 Thread 0x00007ff80012e800 nmethod 667 0x00007ff7f039e590 code [0x00007ff7f039e740, 0x00007ff7f039ee18]
Event: 3.065 Thread 0x00007ff80012e800  672  s!   4       jdk.internal.loader.URLClassPath::getLoader (194 bytes)
Event: 3.079 Thread 0x00007ff800130800  677       3       org.eclipse.jdt.launching.internal.org.objectweb.asm.ByteVector::putInt (74 bytes)
Event: 3.079 Thread 0x00007ff800130800 nmethod 677 0x00007ff7e8f51490 code [0x00007ff7e8f51660, 0x00007ff7e8f518e0]
Event: 3.081 Thread 0x00007ff80012e800 nmethod 672 0x00007ff7f039f210 code [0x00007ff7f039f3c0, 0x00007ff7f039f818]
Event: 3.081 Thread 0x00007ff80012e800  676   !   4       jdk.internal.loader.URLClassPath$JarLoader::getResource (65 bytes)
Event: 3.085 Thread 0x00007ff800130800  678       3       java.nio.ByteBuffer::limit (8 bytes)
Event: 3.085 Thread 0x00007ff800130800 nmethod 678 0x00007ff7e8f51a90 code [0x00007ff7e8f51c40, 0x00007ff7e8f51da0]

GC Heap History (6 events):
Event: 1.254 GC heap before
{Heap before GC invocations=0 (full 0):
 garbage-first heap   total 65536K, used 6856K [0x00000000c2e00000, 0x0000000100000000)
  region size 1024K, 7 young (7168K), 0 survivors (0K)
 Metaspace       used 605K, capacity 4520K, committed 4864K, reserved 1056768K
  class space    used 45K, capacity 398K, committed 512K, reserved 1048576K
}
Event: 1.274 GC heap after
{Heap after GC invocations=1 (full 0):
 garbage-first heap   total 65536K, used 5381K [0x00000000c2e00000, 0x0000000100000000)
  region size 1024K, 1 young (1024K), 1 survivors (1024K)
 Metaspace       used 605K, capacity 4520K, committed 4864K, reserved 1056768K
  class space    used 45K, capacity 398K, committed 512K, reserved 1048576K
}
Event: 1.411 GC heap before
{Heap before GC invocations=1 (full 0):
 garbage-first heap   total 65536K, used 9477K [0x00000000c2e00000, 0x0000000100000000)
  region size 1024K, 5 young (5120K), 1 survivors (1024K)
 Metaspace       used 717K, capacity 4520K, committed 4864K, reserved 1056768K
  class space    used 48K, capacity 398K, committed 512K, reserved 1048576K
}
Event: 1.433 GC heap after
{Heap after GC invocations=2 (full 0):
 garbage-first heap   total 65536K, used 8603K [0x00000000c2e00000, 0x0000000100000000)
  region size 1024K, 1 young (1024K), 1 survivors (1024K)
 Metaspace       used 717K, capacity 4520K, committed 4864K, reserved 1056768K
  class space    used 48K, capacity 398K, committed 512K, reserved 1048576K
}
Event: 2.840 GC heap before
{Heap before GC invocations=2 (full 0):
 garbage-first heap   total 65536K, used 21915K [0x00000000c2e00000, 0x0000000100000000)
  region size 1024K, 10 young (10240K), 1 survivors (1024K)
 Metaspace       used 2988K, capacity 4846K, committed 5120K, reserved 1056768K
  class space    used 259K, capacity 443K, committed 512K, reserved 1048576K
}
Event: 2.856 GC heap after
{Heap after GC invocations=3 (full 0):
 garbage-first heap   total 65536K, used 17888K [0x00000000c2e00000, 0x0000000100000000)
  region size 1024K, 2 young (2048K), 2 survivors (2048K)
 Metaspace       used 2988K, capacity 4846K, committed 5120K, reserved 1056768K
  class space    used 259K, capacity 443K, committed 512K, reserved 1048576K
}

Deoptimization events (20 events):
Event: 2.624 Thread 0x00007ff80001d800 